{"/home/tetyana/Springboard/Exercises/express-messagely/config.js": {"path":"/home/tetyana/Springboard/Exercises/express-messagely/config.js","statementMap":{"0":{"start":{"line":5,"column":0},"end":{"line":5,"column":27}},"1":{"start":{"line":7,"column":15},"end":{"line":9,"column":29}},"2":{"start":{"line":11,"column":19},"end":{"line":11,"column":53}},"3":{"start":{"line":13,"column":27},"end":{"line":13,"column":28}},"4":{"start":{"line":16,"column":0},"end":{"line":20,"column":2}}},"fnMap":{},"branchMap":{"0":{"loc":{"start":{"line":7,"column":15},"end":{"line":9,"column":29}},"type":"cond-expr","locations":[{"start":{"line":8,"column":4},"end":{"line":8,"column":34}},{"start":{"line":9,"column":4},"end":{"line":9,"column":29}}],"line":7},"1":{"loc":{"start":{"line":11,"column":19},"end":{"line":11,"column":53}},"type":"binary-expr","locations":[{"start":{"line":11,"column":19},"end":{"line":11,"column":41}},{"start":{"line":11,"column":45},"end":{"line":11,"column":53}}],"line":11}},"s":{"0":2,"1":2,"2":2,"3":2,"4":2},"f":{},"b":{"0":[2,0],"1":[2,2]},"_coverageSchema":"1a1c01bbd47fc00a2c39e90264f33305004495a9","hash":"205f7a376ec2cfab7790158b0a9a4338c0202ea3"}
,"/home/tetyana/Springboard/Exercises/express-messagely/db.js": {"path":"/home/tetyana/Springboard/Exercises/express-messagely/db.js","statementMap":{"0":{"start":{"line":4,"column":19},"end":{"line":4,"column":32}},"1":{"start":{"line":5,"column":19},"end":{"line":5,"column":38}},"2":{"start":{"line":7,"column":15},"end":{"line":7,"column":33}},"3":{"start":{"line":9,"column":0},"end":{"line":9,"column":17}},"4":{"start":{"line":12,"column":0},"end":{"line":12,"column":24}}},"fnMap":{},"branchMap":{},"s":{"0":2,"1":2,"2":2,"3":2,"4":2},"f":{},"b":{},"_coverageSchema":"1a1c01bbd47fc00a2c39e90264f33305004495a9","hash":"439bf2d88574a062aa1415fbe3b221aee5029842"}
,"/home/tetyana/Springboard/Exercises/express-messagely/expressError.js": {"path":"/home/tetyana/Springboard/Exercises/express-messagely/expressError.js","statementMap":{"0":{"start":{"line":9,"column":4},"end":{"line":9,"column":12}},"1":{"start":{"line":10,"column":4},"end":{"line":10,"column":27}},"2":{"start":{"line":11,"column":4},"end":{"line":11,"column":25}},"3":{"start":{"line":12,"column":4},"end":{"line":12,"column":30}},"4":{"start":{"line":17,"column":0},"end":{"line":17,"column":30}}},"fnMap":{"0":{"name":"(anonymous_0)","decl":{"start":{"line":8,"column":2},"end":{"line":8,"column":3}},"loc":{"start":{"line":8,"column":31},"end":{"line":13,"column":3}},"line":8}},"branchMap":{},"s":{"0":0,"1":0,"2":0,"3":0,"4":2},"f":{"0":0},"b":{},"_coverageSchema":"1a1c01bbd47fc00a2c39e90264f33305004495a9","hash":"037f46bf63ae1f8e6c62c7e1fae833bbf1ce7e07"}
,"/home/tetyana/Springboard/Exercises/express-messagely/models/message.js": {"path":"/home/tetyana/Springboard/Exercises/express-messagely/models/message.js","statementMap":{"0":{"start":{"line":3,"column":11},"end":{"line":3,"column":27}},"1":{"start":{"line":4,"column":21},"end":{"line":4,"column":47}},"2":{"start":{"line":16,"column":19},"end":{"line":24,"column":43}},"3":{"start":{"line":26,"column":4},"end":{"line":26,"column":26}},"4":{"start":{"line":32,"column":19},"end":{"line":37,"column":13}},"5":{"start":{"line":39,"column":4},"end":{"line":41,"column":5}},"6":{"start":{"line":40,"column":6},"end":{"line":40,"column":60}},"7":{"start":{"line":43,"column":4},"end":{"line":43,"column":26}},"8":{"start":{"line":55,"column":19},"end":{"line":72,"column":13}},"9":{"start":{"line":74,"column":12},"end":{"line":74,"column":26}},"10":{"start":{"line":76,"column":4},"end":{"line":78,"column":5}},"11":{"start":{"line":77,"column":6},"end":{"line":77,"column":60}},"12":{"start":{"line":80,"column":4},"end":{"line":97,"column":6}},"13":{"start":{"line":102,"column":0},"end":{"line":102,"column":25}}},"fnMap":{"0":{"name":"(anonymous_0)","decl":{"start":{"line":15,"column":2},"end":{"line":15,"column":3}},"loc":{"start":{"line":15,"column":58},"end":{"line":27,"column":3}},"line":15},"1":{"name":"(anonymous_1)","decl":{"start":{"line":31,"column":2},"end":{"line":31,"column":3}},"loc":{"start":{"line":31,"column":28},"end":{"line":44,"column":3}},"line":31},"2":{"name":"(anonymous_2)","decl":{"start":{"line":54,"column":2},"end":{"line":54,"column":3}},"loc":{"start":{"line":54,"column":23},"end":{"line":98,"column":3}},"line":54}},"branchMap":{"0":{"loc":{"start":{"line":39,"column":4},"end":{"line":41,"column":5}},"type":"if","locations":[{"start":{"line":39,"column":4},"end":{"line":41,"column":5}},{"start":{},"end":{}}],"line":39},"1":{"loc":{"start":{"line":76,"column":4},"end":{"line":78,"column":5}},"type":"if","locations":[{"start":{"line":76,"column":4},"end":{"line":78,"column":5}},{"start":{},"end":{}}],"line":76}},"s":{"0":2,"1":2,"2":12,"3":12,"4":1,"5":1,"6":0,"7":1,"8":1,"9":1,"10":1,"11":0,"12":1,"13":2},"f":{"0":12,"1":1,"2":1},"b":{"0":[0,1],"1":[0,1]},"_coverageSchema":"1a1c01bbd47fc00a2c39e90264f33305004495a9","hash":"637a8b3e35f403258e5a90ea6bd00bf0a11574ee"}
,"/home/tetyana/Springboard/Exercises/express-messagely/models/user.js": {"path":"/home/tetyana/Springboard/Exercises/express-messagely/models/user.js","statementMap":{"0":{"start":{"line":2,"column":11},"end":{"line":2,"column":27}},"1":{"start":{"line":3,"column":21},"end":{"line":3,"column":47}},"2":{"start":{"line":4,"column":15},"end":{"line":4,"column":32}},"3":{"start":{"line":5,"column":43},"end":{"line":5,"column":63}},"4":{"start":{"line":17,"column":4},"end":{"line":32,"column":5}},"5":{"start":{"line":18,"column":6},"end":{"line":20,"column":7}},"6":{"start":{"line":19,"column":8},"end":{"line":19,"column":63}},"7":{"start":{"line":21,"column":29},"end":{"line":21,"column":76}},"8":{"start":{"line":22,"column":21},"end":{"line":26,"column":65}},"9":{"start":{"line":27,"column":6},"end":{"line":27,"column":28}},"10":{"start":{"line":29,"column":6},"end":{"line":31,"column":7}},"11":{"start":{"line":30,"column":8},"end":{"line":30,"column":76}},"12":{"start":{"line":37,"column":4},"end":{"line":39,"column":5}},"13":{"start":{"line":38,"column":6},"end":{"line":38,"column":68}},"14":{"start":{"line":40,"column":20},"end":{"line":44,"column":17}},"15":{"start":{"line":45,"column":17},"end":{"line":45,"column":32}},"16":{"start":{"line":46,"column":4},"end":{"line":48,"column":5}},"17":{"start":{"line":47,"column":6},"end":{"line":47,"column":58}},"18":{"start":{"line":49,"column":4},"end":{"line":49,"column":61}},"19":{"start":{"line":54,"column":19},"end":{"line":59,"column":17}},"20":{"start":{"line":60,"column":4},"end":{"line":62,"column":5}},"21":{"start":{"line":61,"column":6},"end":{"line":61,"column":63}},"22":{"start":{"line":69,"column":20},"end":{"line":73,"column":5}},"23":{"start":{"line":74,"column":4},"end":{"line":74,"column":24}},"24":{"start":{"line":87,"column":20},"end":{"line":96,"column":5}},"25":{"start":{"line":97,"column":17},"end":{"line":97,"column":32}},"26":{"start":{"line":98,"column":4},"end":{"line":100,"column":5}},"27":{"start":{"line":99,"column":6},"end":{"line":99,"column":51}},"28":{"start":{"line":101,"column":4},"end":{"line":101,"column":16}},"29":{"start":{"line":113,"column":19},"end":{"line":126,"column":17}},"30":{"start":{"line":128,"column":21},"end":{"line":128,"column":32}},"31":{"start":{"line":129,"column":4},"end":{"line":131,"column":5}},"32":{"start":{"line":130,"column":6},"end":{"line":130,"column":72}},"33":{"start":{"line":132,"column":26},"end":{"line":132,"column":28}},"34":{"start":{"line":133,"column":4},"end":{"line":147,"column":3}},"35":{"start":{"line":133,"column":15},"end":{"line":133,"column":16}},"36":{"start":{"line":134,"column":6},"end":{"line":145,"column":7}},"37":{"start":{"line":146,"column":4},"end":{"line":146,"column":25}},"38":{"start":{"line":159,"column":19},"end":{"line":172,"column":17}},"39":{"start":{"line":174,"column":21},"end":{"line":174,"column":32}},"40":{"start":{"line":175,"column":4},"end":{"line":177,"column":5}},"41":{"start":{"line":176,"column":6},"end":{"line":176,"column":72}},"42":{"start":{"line":178,"column":24},"end":{"line":178,"column":26}},"43":{"start":{"line":179,"column":4},"end":{"line":193,"column":5}},"44":{"start":{"line":179,"column":15},"end":{"line":179,"column":16}},"45":{"start":{"line":180,"column":6},"end":{"line":191,"column":7}},"46":{"start":{"line":192,"column":4},"end":{"line":192,"column":23}},"47":{"start":{"line":198,"column":0},"end":{"line":198,"column":22}}},"fnMap":{"0":{"name":"(anonymous_0)","decl":{"start":{"line":16,"column":2},"end":{"line":16,"column":3}},"loc":{"start":{"line":16,"column":76},"end":{"line":33,"column":3}},"line":16},"1":{"name":"(anonymous_1)","decl":{"start":{"line":36,"column":2},"end":{"line":36,"column":3}},"loc":{"start":{"line":36,"column":48},"end":{"line":50,"column":3}},"line":36},"2":{"name":"(anonymous_2)","decl":{"start":{"line":53,"column":2},"end":{"line":53,"column":3}},"loc":{"start":{"line":53,"column":46},"end":{"line":63,"column":3}},"line":53},"3":{"name":"(anonymous_3)","decl":{"start":{"line":68,"column":2},"end":{"line":68,"column":3}},"loc":{"start":{"line":68,"column":21},"end":{"line":75,"column":4}},"line":68},"4":{"name":"(anonymous_4)","decl":{"start":{"line":86,"column":2},"end":{"line":86,"column":3}},"loc":{"start":{"line":86,"column":29},"end":{"line":102,"column":3}},"line":86},"5":{"name":"(anonymous_5)","decl":{"start":{"line":112,"column":2},"end":{"line":112,"column":3}},"loc":{"start":{"line":112,"column":38},"end":{"line":148,"column":1}},"line":112},"6":{"name":"(anonymous_6)","decl":{"start":{"line":158,"column":2},"end":{"line":158,"column":3}},"loc":{"start":{"line":158,"column":36},"end":{"line":194,"column":3}},"line":158}},"branchMap":{"0":{"loc":{"start":{"line":18,"column":6},"end":{"line":20,"column":7}},"type":"if","locations":[{"start":{"line":18,"column":6},"end":{"line":20,"column":7}},{"start":{},"end":{}}],"line":18},"1":{"loc":{"start":{"line":18,"column":10},"end":{"line":18,"column":71}},"type":"binary-expr","locations":[{"start":{"line":18,"column":10},"end":{"line":18,"column":19}},{"start":{"line":18,"column":23},"end":{"line":18,"column":32}},{"start":{"line":18,"column":36},"end":{"line":18,"column":47}},{"start":{"line":18,"column":51},"end":{"line":18,"column":61}},{"start":{"line":18,"column":65},"end":{"line":18,"column":71}}],"line":18},"2":{"loc":{"start":{"line":29,"column":6},"end":{"line":31,"column":7}},"type":"if","locations":[{"start":{"line":29,"column":6},"end":{"line":31,"column":7}},{"start":{},"end":{}}],"line":29},"3":{"loc":{"start":{"line":37,"column":4},"end":{"line":39,"column":5}},"type":"if","locations":[{"start":{"line":37,"column":4},"end":{"line":39,"column":5}},{"start":{},"end":{}}],"line":37},"4":{"loc":{"start":{"line":37,"column":8},"end":{"line":37,"column":30}},"type":"binary-expr","locations":[{"start":{"line":37,"column":8},"end":{"line":37,"column":17}},{"start":{"line":37,"column":21},"end":{"line":37,"column":30}}],"line":37},"5":{"loc":{"start":{"line":46,"column":4},"end":{"line":48,"column":5}},"type":"if","locations":[{"start":{"line":46,"column":4},"end":{"line":48,"column":5}},{"start":{},"end":{}}],"line":46},"6":{"loc":{"start":{"line":60,"column":4},"end":{"line":62,"column":5}},"type":"if","locations":[{"start":{"line":60,"column":4},"end":{"line":62,"column":5}},{"start":{},"end":{}}],"line":60},"7":{"loc":{"start":{"line":98,"column":4},"end":{"line":100,"column":5}},"type":"if","locations":[{"start":{"line":98,"column":4},"end":{"line":100,"column":5}},{"start":{},"end":{}}],"line":98},"8":{"loc":{"start":{"line":129,"column":4},"end":{"line":131,"column":5}},"type":"if","locations":[{"start":{"line":129,"column":4},"end":{"line":131,"column":5}},{"start":{},"end":{}}],"line":129},"9":{"loc":{"start":{"line":175,"column":4},"end":{"line":177,"column":5}},"type":"if","locations":[{"start":{"line":175,"column":4},"end":{"line":177,"column":5}},{"start":{},"end":{}}],"line":175}},"s":{"0":2,"1":2,"2":2,"3":2,"4":18,"5":18,"6":0,"7":18,"8":18,"9":18,"10":0,"11":0,"12":2,"13":0,"14":2,"15":2,"16":2,"17":2,"18":0,"19":1,"20":1,"21":0,"22":1,"23":1,"24":3,"25":3,"26":3,"27":0,"28":3,"29":1,"30":1,"31":1,"32":0,"33":1,"34":1,"35":1,"36":1,"37":1,"38":1,"39":1,"40":1,"41":0,"42":1,"43":1,"44":1,"45":1,"46":1,"47":2},"f":{"0":18,"1":2,"2":1,"3":1,"4":3,"5":1,"6":1},"b":{"0":[0,18],"1":[18,18,18,18,18],"2":[0,0],"3":[0,2],"4":[2,2],"5":[2,0],"6":[0,1],"7":[0,3],"8":[0,1],"9":[0,1]},"_coverageSchema":"1a1c01bbd47fc00a2c39e90264f33305004495a9","hash":"8864d5963311923fe35ae4fe49421d35e1e0edea"}
}
