TN:
SF:config.js
FNF:0
FNH:0
DA:5,2
DA:7,2
DA:11,2
DA:13,2
DA:16,2
LF:5
LH:5
BRDA:7,0,0,2
BRDA:7,0,1,0
BRDA:11,1,0,2
BRDA:11,1,1,2
BRF:4
BRH:3
end_of_record
TN:
SF:db.js
FNF:0
FNH:0
DA:4,2
DA:5,2
DA:7,2
DA:9,2
DA:12,2
LF:5
LH:5
BRF:0
BRH:0
end_of_record
TN:
SF:expressError.js
FN:8,(anonymous_0)
FNF:1
FNH:0
FNDA:0,(anonymous_0)
DA:9,0
DA:10,0
DA:11,0
DA:12,0
DA:17,2
LF:5
LH:1
BRF:0
BRH:0
end_of_record
TN:
SF:models/message.js
FN:15,(anonymous_0)
FN:31,(anonymous_1)
FN:54,(anonymous_2)
FNF:3
FNH:3
FNDA:12,(anonymous_0)
FNDA:1,(anonymous_1)
FNDA:1,(anonymous_2)
DA:3,2
DA:4,2
DA:16,12
DA:26,12
DA:32,1
DA:39,1
DA:40,0
DA:43,1
DA:55,1
DA:74,1
DA:76,1
DA:77,0
DA:80,1
DA:102,2
LF:14
LH:12
BRDA:39,0,0,0
BRDA:39,0,1,1
BRDA:76,1,0,0
BRDA:76,1,1,1
BRF:4
BRH:2
end_of_record
TN:
SF:models/user.js
FN:16,(anonymous_0)
FN:36,(anonymous_1)
FN:53,(anonymous_2)
FN:68,(anonymous_3)
FN:86,(anonymous_4)
FN:112,(anonymous_5)
FN:158,(anonymous_6)
FNF:7
FNH:7
FNDA:18,(anonymous_0)
FNDA:2,(anonymous_1)
FNDA:1,(anonymous_2)
FNDA:1,(anonymous_3)
FNDA:3,(anonymous_4)
FNDA:1,(anonymous_5)
FNDA:1,(anonymous_6)
DA:2,2
DA:3,2
DA:4,2
DA:5,2
DA:17,18
DA:18,18
DA:19,0
DA:21,18
DA:22,18
DA:27,18
DA:29,0
DA:30,0
DA:37,2
DA:38,0
DA:40,2
DA:45,2
DA:46,2
DA:47,2
DA:49,0
DA:54,1
DA:60,1
DA:61,0
DA:69,1
DA:74,1
DA:87,3
DA:97,3
DA:98,3
DA:99,0
DA:101,3
DA:113,1
DA:128,1
DA:129,1
DA:130,0
DA:132,1
DA:133,1
DA:134,1
DA:146,1
DA:159,1
DA:174,1
DA:175,1
DA:176,0
DA:178,1
DA:179,1
DA:180,1
DA:192,1
DA:198,2
LF:46
LH:37
BRDA:18,0,0,0
BRDA:18,0,1,18
BRDA:18,1,0,18
BRDA:18,1,1,18
BRDA:18,1,2,18
BRDA:18,1,3,18
BRDA:18,1,4,18
BRDA:29,2,0,0
BRDA:29,2,1,0
BRDA:37,3,0,0
BRDA:37,3,1,2
BRDA:37,4,0,2
BRDA:37,4,1,2
BRDA:46,5,0,2
BRDA:46,5,1,0
BRDA:60,6,0,0
BRDA:60,6,1,1
BRDA:98,7,0,0
BRDA:98,7,1,3
BRDA:129,8,0,0
BRDA:129,8,1,1
BRDA:175,9,0,0
BRDA:175,9,1,1
BRF:23
BRH:14
end_of_record
